<?xml version="1.0" encoding="UTF-8"?>
<!-- Generated by org.testng.reporters.JUnitReportReporter -->
<testsuite hostname="DESKTOP-6JFRVIK" failures="0" tests="9" name="org.sam.DataProvider" time="17.519" errors="0" timestamp="24 Jan 2024 04:45:11 GMT" skipped="1">
  <testcase classname="org.sam.DataProvider" name="tc10" time="0.908"/>
  <testcase classname="org.sam.DataProvider" name="tc2" time="2.085"/>
  <testcase classname="org.sam.DataProvider" name="tc2" time="4.111"/>
  <testcase classname="org.sam.DataProvider" name="tc9" time="4.701"/>
  <testcase classname="org.sam.DataProvider" name="tc10" time="1.976"/>
  <testcase classname="org.sam.DataProvider" name="tc10" time="0.975"/>
  <testcase classname="org.sam.DataProvider" name="tc2" time="1.662"/>
  <testcase classname="org.sam.DataProvider" name="tc10" time="1.101"/>
  <testcase classname="org.sam.DataProvider" name="tc4">
    <skipped/>
  </testcase> <!-- tc4 -->
</testsuite> <!-- org.sam.DataProvider -->
