<?xml version="1.0" encoding="UTF-8"?>
<!-- Generated by org.testng.reporters.JUnitReportReporter -->
<testsuite hostname="DESKTOP-6JFRVIK" failures="0" tests="2" name="org.sam.SamTest" time="10.834" errors="0" timestamp="24 Jan 2024 07:15:02 GMT" skipped="0">
  <testcase classname="org.sam.SamTest" name="tc3" time="7.134"/>
  <testcase classname="org.sam.SamTest" name="tc2" time="3.700"/>
</testsuite> <!-- org.sam.SamTest -->
