<?xml version="1.0" encoding="UTF-8"?>
<!-- Generated by org.testng.reporters.JUnitReportReporter -->
<testsuite hostname="DESKTOP-6JFRVIK" failures="0" tests="3" name="org.sam.B" time="0.004" errors="0" timestamp="24 Jan 2024 10:44:06 GMT" skipped="0">
  <testcase classname="org.sam.B" name="tc33" time="0.002"/>
  <testcase classname="org.sam.B" name="tc11" time="0.001"/>
  <testcase classname="org.sam.B" name="tc22" time="0.001"/>
</testsuite> <!-- org.sam.B -->
