<?xml version="1.0" encoding="UTF-8"?>
<!-- Generated by org.testng.reporters.JUnitReportReporter -->
<testsuite hostname="DESKTOP-6JFRVIK" failures="0" tests="6" name="org.sam.A" time="0.016" errors="0" timestamp="24 Jan 2024 10:44:06 GMT" skipped="0">
  <testcase classname="org.sam.A" name="tc4" time="0.009"/>
  <testcase classname="org.sam.A" name="tc3" time="0.001"/>
  <testcase classname="org.sam.A" name="tc5" time="0.002"/>
  <testcase classname="org.sam.A" name="tc6" time="0.002"/>
  <testcase classname="org.sam.A" name="tc2" time="0.001"/>
  <testcase classname="org.sam.A" name="tc1" time="0.001"/>
</testsuite> <!-- org.sam.A -->
