<?xml version="1.0" encoding="UTF-8"?>
<!-- Generated by org.testng.reporters.JUnitReportReporter -->
<testsuite hostname="DESKTOP-6JFRVIK" failures="0" tests="5" name="org.sam.SampleTest" time="30.607" errors="0" timestamp="24 Jan 2024 10:44:06 GMT" skipped="1">
  <testcase classname="org.sam.SampleTest" name="tc2" time="13.091"/>
  <testcase classname="org.sam.SampleTest" name="tc9" time="7.393"/>
  <testcase classname="org.sam.SampleTest" name="tc2" time="5.288"/>
  <testcase classname="org.sam.SampleTest" name="tc2" time="4.835"/>
  <testcase classname="org.sam.SampleTest" name="tc4">
    <skipped/>
  </testcase> <!-- tc4 -->
</testsuite> <!-- org.sam.SampleTest -->
